<?xml version="1.0" encoding="UTF-8"?>
<testng-results ignored="0" total="1" passed="1" failed="0" skipped="0">
  <reporter-output>
  </reporter-output>
  <suite started-at="2025-09-25T12:27:59 IST" name="Default suite" finished-at="2025-09-25T12:28:19 IST" duration-ms="19771">
    <groups>
    </groups>
    <test started-at="2025-09-25T12:27:59 IST" name="Default test" finished-at="2025-09-25T12:28:19 IST" duration-ms="19771">
      <class name="tests.WeatherAPITest">
        <test-method signature="test_2()[pri:0, instance:tests.WeatherAPITest@791f145a]" started-at="2025-09-25T12:27:59 IST" name="test_2" finished-at="2025-09-25T12:28:19 IST" duration-ms="19214" status="PASS">
          <reporter-output>
          </reporter-output>
        </test-method> <!-- test_2 -->
      </class> <!-- tests.WeatherAPITest -->
    </test> <!-- Default test -->
  </suite> <!-- Default suite -->
</testng-results>
