<?xml version="1.0" encoding="UTF-8"?>
<testng-results ignored="0" total="1" passed="1" failed="0" skipped="0">
  <reporter-output>
  </reporter-output>
  <suite started-at="2025-09-25T10:40:48 IST" name="Default suite" finished-at="2025-09-25T10:40:58 IST" duration-ms="10104">
    <groups>
    </groups>
    <test started-at="2025-09-25T10:40:48 IST" name="Default test" finished-at="2025-09-25T10:40:58 IST" duration-ms="10104">
      <class name="tests.JSONSchemaValidator">
        <test-method signature="testGet()[pri:0, instance:tests.JSONSchemaValidator@6340e5f0]" started-at="2025-09-25T10:40:48 IST" name="testGet" finished-at="2025-09-25T10:40:58 IST" duration-ms="9954" status="PASS">
          <reporter-output>
          </reporter-output>
        </test-method> <!-- testGet -->
      </class> <!-- tests.JSONSchemaValidator -->
    </test> <!-- Default test -->
  </suite> <!-- Default suite -->
</testng-results>
